<?xml version="1.0" encoding="UTF-8"?>
<robot generator="Robot 6.1.1 (Python 3.14.0 on win32)" generated="20251114 13:59:25.784" rpa="false" schemaversion="4">
<suite id="s1" name="Tests" source="C:\Users\Antti Vainikainen\.ssh\ohtuvarasto\osa3\hello-robot\src\tests">
<suite id="s1-s1" name="Increase Counter" source="C:\Users\Antti Vainikainen\.ssh\ohtuvarasto\osa3\hello-robot\src\tests\increase_counter.robot">
<test id="s1-s1-t1" name="Increase Counter Once" line="5">
<kw name="Counter Value Should Be" library="CounterLibrary">
<arg>0</arg>
<status status="PASS" starttime="20251114 13:59:25.817" endtime="20251114 13:59:25.817"/>
</kw>
<kw name="Increase Counter" library="CounterLibrary">
<status status="PASS" starttime="20251114 13:59:25.817" endtime="20251114 13:59:25.817"/>
</kw>
<kw name="Counter Value Should Be" library="CounterLibrary">
<arg>1</arg>
<status status="PASS" starttime="20251114 13:59:25.817" endtime="20251114 13:59:25.818"/>
</kw>
<status status="PASS" starttime="20251114 13:59:25.817" endtime="20251114 13:59:25.818"/>
</test>
<test id="s1-s1-t2" name="Increase Counter Many Times" line="10">
<kw name="Counter Value Should Be" library="CounterLibrary">
<arg>0</arg>
<status status="PASS" starttime="20251114 13:59:25.818" endtime="20251114 13:59:25.818"/>
</kw>
<kw name="Increase Counter" library="CounterLibrary">
<status status="PASS" starttime="20251114 13:59:25.818" endtime="20251114 13:59:25.819"/>
</kw>
<kw name="Increase Counter" library="CounterLibrary">
<status status="PASS" starttime="20251114 13:59:25.819" endtime="20251114 13:59:25.819"/>
</kw>
<kw name="Increase Counter" library="CounterLibrary">
<status status="PASS" starttime="20251114 13:59:25.819" endtime="20251114 13:59:25.819"/>
</kw>
<kw name="Counter Value Should Be" library="CounterLibrary">
<arg>3</arg>
<status status="PASS" starttime="20251114 13:59:25.819" endtime="20251114 13:59:25.819"/>
</kw>
<status status="PASS" starttime="20251114 13:59:25.818" endtime="20251114 13:59:25.819"/>
</test>
<test id="s1-s1-t3" name="Increment Counter By Amount" line="17">
<kw name="Counter Value Should Be" library="CounterLibrary">
<arg>0</arg>
<status status="PASS" starttime="20251114 13:59:25.820" endtime="20251114 13:59:25.820"/>
</kw>
<kw name="Increment Counter By" library="CounterLibrary">
<arg>5</arg>
<status status="PASS" starttime="20251114 13:59:25.820" endtime="20251114 13:59:25.820"/>
</kw>
<kw name="Counter Value Should Be" library="CounterLibrary">
<arg>5</arg>
<status status="PASS" starttime="20251114 13:59:25.820" endtime="20251114 13:59:25.820"/>
</kw>
<status status="PASS" starttime="20251114 13:59:25.820" endtime="20251114 13:59:25.820"/>
</test>
<status status="PASS" starttime="20251114 13:59:25.804" endtime="20251114 13:59:25.821"/>
</suite>
<suite id="s1-s2" name="Reset Counter" source="C:\Users\Antti Vainikainen\.ssh\ohtuvarasto\osa3\hello-robot\src\tests\reset_counter.robot">
<test id="s1-s2-t1" name="Reset Counter After One Increment" line="5">
<kw name="Counter Value Should Be" library="CounterLibrary">
<arg>0</arg>
<status status="PASS" starttime="20251114 13:59:25.823" endtime="20251114 13:59:25.823"/>
</kw>
<kw name="Increase Counter" library="CounterLibrary">
<status status="PASS" starttime="20251114 13:59:25.823" endtime="20251114 13:59:25.823"/>
</kw>
<kw name="Counter Value Should Be" library="CounterLibrary">
<arg>1</arg>
<status status="PASS" starttime="20251114 13:59:25.824" endtime="20251114 13:59:25.824"/>
</kw>
<kw name="Reset Counter" library="CounterLibrary">
<status status="PASS" starttime="20251114 13:59:25.824" endtime="20251114 13:59:25.824"/>
</kw>
<kw name="Counter Value Should Be" library="CounterLibrary">
<arg>0</arg>
<status status="PASS" starttime="20251114 13:59:25.824" endtime="20251114 13:59:25.824"/>
</kw>
<status status="PASS" starttime="20251114 13:59:25.823" endtime="20251114 13:59:25.825"/>
</test>
<test id="s1-s2-t2" name="Reset Counter After Several Increments" line="12">
<kw name="Counter Value Should Be" library="CounterLibrary">
<arg>0</arg>
<status status="PASS" starttime="20251114 13:59:25.825" endtime="20251114 13:59:25.825"/>
</kw>
<kw name="Increment Counter By" library="CounterLibrary">
<arg>5</arg>
<status status="PASS" starttime="20251114 13:59:25.825" endtime="20251114 13:59:25.826"/>
</kw>
<kw name="Counter Value Should Be" library="CounterLibrary">
<arg>5</arg>
<status status="PASS" starttime="20251114 13:59:25.826" endtime="20251114 13:59:25.826"/>
</kw>
<kw name="Reset Counter" library="CounterLibrary">
<status status="PASS" starttime="20251114 13:59:25.826" endtime="20251114 13:59:25.826"/>
</kw>
<kw name="Counter Value Should Be" library="CounterLibrary">
<arg>0</arg>
<status status="PASS" starttime="20251114 13:59:25.826" endtime="20251114 13:59:25.826"/>
</kw>
<status status="PASS" starttime="20251114 13:59:25.825" endtime="20251114 13:59:25.826"/>
</test>
<status status="PASS" starttime="20251114 13:59:25.821" endtime="20251114 13:59:25.827"/>
</suite>
<status status="PASS" starttime="20251114 13:59:25.785" endtime="20251114 13:59:25.827"/>
</suite>
<statistics>
<total>
<stat pass="5" fail="0" skip="0">All Tests</stat>
</total>
<tag>
</tag>
<suite>
<stat pass="5" fail="0" skip="0" id="s1" name="Tests">Tests</stat>
<stat pass="3" fail="0" skip="0" id="s1-s1" name="Increase Counter">Tests.Increase Counter</stat>
<stat pass="2" fail="0" skip="0" id="s1-s2" name="Reset Counter">Tests.Reset Counter</stat>
</suite>
</statistics>
<errors>
</errors>
</robot>
